1603222.0
50648269.17471586
3697749108.9494677
113696010683.05327
627123889784.3276
1299781062776.392
1656293771421.289
1754242740541.482
1773450661604.383
1777785074836.0964
1778588164732.3992
1778763186591.5825
1778841372362.9229
1778876255588.5042
1778897022352.0762
1778914777672.7905
1778927888939.632
1778936735170.9685
1778944871557.5688
1778952993392.181
1778961099575.4612
1778969020144.4963
1778974282710.4104
1778976446516.904
1778977405968.3228
1778977556931.9937
1778977557890.1392
1778977557890.1392
