1603222.0
50661393.14989574
3683357601.0372515
113121579017.81323
630391106596.3766
1303905428062.7927
1655068274441.875
1750703712323.1313
1769458797989.8809
1773730547465.1782
1774522293154.705
1774695555864.3193
1774772551377.5125
1774807008865.6426
1774827628482.0068
1774845342545.6973
1774858326690.2427
1774867139808.4387
1774875265597.3154
1774883368892.3845
1774891457192.798
1774899357816.191
1774904501646.9316
1774906638695.2866
1774907598984.3892
1774907720908.7673
1774907722074.331
1774907722074.331
