1603222.0
50688920.79844806
3673534540.062934
112452553899.24048
627350026587.9648
1303414296960.916
1659449115808.7
1756880656321.6375
1775788913960.4697
1780100147476.901
1780902017387.1338
1781076220794.055
1781153913280.1592
1781188786044.1504
1781209531326.479
1781227274831.7156
1781240416548.892
1781249237936.0337
1781257383818.8806
1781265516480.268
1781273633226.7288
1781281565991.2925
1781286807864.7185
1781288963659.0347
1781289921357.4841
1781290053376.2534
1781290054103.5068
1781290054103.5068
