1603222.0
50602112.41333447
3662950600.584524
111639257325.75296
619138027689.5366
1274731586803.6628
1616240245151.7815
1709554627190.3035
1727560489697.198
1731659238709.5024
1732415930829.5361
1732582504612.7397
1732657321545.2622
1732690860877.8274
1732710860153.7314
1732728119047.7869
1732740767815.2617
1732749332275.6523
1732757254787.9536
1732765165732.5728
1732773061532.9983
1732780772835.178
1732785779390.5076
1732787826418.514
1732788750700.543
1732788880378.8953
1732788880783.047
1732788880783.047
