1603222.0
50672393.39006199
3695284595.5503683
112927434597.3268
620453657418.1699
1276194850931.7363
1617730372917.0132
1709933413740.6487
1727852043811.5264
1731944114577.371
1732700760602.4001
1732866170961.284
1732940828510.7053
1732974333986.8828
1732994444308.262
1733011678489.3354
1733024384186.2815
1733032969969.3416
1733040894801.2551
1733048806997.817
1733056703996.1511
1733064419297.911
1733069442052.7424
1733071503399.0667
1733072416446.2468
1733072542207.2285
1733072542371.494
1733072542371.494
