1603222.0
50643413.9563124
3677009394.271839
112324205571.42802
624253255571.6913
1289144792063.0754
1636437667926.576
1731219513553.5518
1749692556113.6348
1753890150453.4631
1754666658760.455
1754836909983.2922
1754912948335.073
1754947188839.207
1754967630258.795
1754985124677.7893
1754997997381.6929
1755006716758.917
1755014744725.2373
1755022757673.2195
1755030755143.9368
1755038565840.1907
1755043698096.989
1755045819081.9885
1755046754600.4863
1755046876859.191
1755046877260.838
1755046877260.838
